
R version 4.0.5 (2021-03-31) -- "Shake and Throw"
Copyright (C) 2021 The R Foundation for Statistical Computing
Platform: x86_64-w64-mingw32/x64 (64-bit)

R is free software and comes with ABSOLUTELY NO WARRANTY.
You are welcome to redistribute it under certain conditions.
Type 'license()' or 'licence()' for distribution details.

  Natural language support but running in an English locale

R is a collaborative project with many contributors.
Type 'contributors()' for more information and
'citation()' on how to cite R or R packages in publications.

Type 'demo()' for some demos, 'help()' for on-line help, or
'help.start()' for an HTML browser interface to help.
Type 'q()' to quit R.

> #===============================================================
> # 
> # Name:     02 Stack FMData.R
> # 
> # Date:     11/04/2020
> # 
> # Author:   MT
> # 
> # Purpose:  Stack monthly EAD files
> #
> # Reference: https://capitalmarkets.fanniemae.com/media/9066/display
> #
> # Step 1: Packages, locations and names
> # Step 2: Read in, stack data
> #
> #===============================================================
> 
> 
> #===============================================================
> # Step 1: Packages, locations and names
> 
> # Packages
> library(data.table)
data.table 1.13.6 using 2 threads (see ?getDTthreads).  Latest news: r-datatable.com
> library(tidyverse)
-- Attaching packages ---------------------------------------------------- tidyverse 1.3.0 --
v ggplot2 3.3.2     v purrr   0.3.4
v tibble  3.0.6     v dplyr   1.0.2
v tidyr   1.1.2     v stringr 1.4.0
v readr   1.3.1     v forcats 0.5.0
-- Conflicts ------------------------------------------------------- tidyverse_conflicts() --
x dplyr::between()   masks data.table::between()
x dplyr::filter()    masks stats::filter()
x dplyr::first()     masks data.table::first()
x dplyr::lag()       masks stats::lag()
x dplyr::last()      masks data.table::last()
x purrr::transpose() masks data.table::transpose()
> 
> # Prep data location
> prep.loc='R:/FMData/02 PrepData/'
> 
> # Define file names
> names=sort(paste0('prep_', sort(rep(2004:2011,4)),'Q', 1:4, '.csv'))
> #===============================================================
> 
> 
> #===============================================================
> # Step 2: Read in, stack data
> stack <-function(start, end){
+ 
+   # Loop over each file
+   for (j in start:end){
+     
+   	# Read in file
+     filename=names[j]
+     print(filename)
+     stack.infile = fread(paste0(prep.loc, filename), sep = ",") %>%
+       mutate(file=str_sub(filename,6,11))
+   
+   	# Stack the data
+     if (j==1){
+       stackData=stack.infile
+     }
+     else{
+       stackData=bind_rows(stackData, stack.infile)
+     }
+   }
+ 
+ 	# Write out file
+ 	fwrite(stackData, file=paste0(prep.loc, 'stack_FM_EAD_Data.csv'))
+ 	
+ }
> 
> # Loop over names
> start=1
> end  =length(names)
> stack(start, end)
[1] "prep_2004Q1.csv"
[1] "prep_2004Q2.csv"
[1] "prep_2004Q3.csv"
[1] "prep_2004Q4.csv"
[1] "prep_2005Q1.csv"
[1] "prep_2005Q2.csv"
[1] "prep_2005Q3.csv"
[1] "prep_2005Q4.csv"
[1] "prep_2006Q1.csv"
[1] "prep_2006Q2.csv"
[1] "prep_2006Q3.csv"
[1] "prep_2006Q4.csv"
[1] "prep_2007Q1.csv"
[1] "prep_2007Q2.csv"
[1] "prep_2007Q3.csv"
[1] "prep_2007Q4.csv"
[1] "prep_2008Q1.csv"
[1] "prep_2008Q2.csv"
[1] "prep_2008Q3.csv"
[1] "prep_2008Q4.csv"
[1] "prep_2009Q1.csv"
[1] "prep_2009Q2.csv"
[1] "prep_2009Q3.csv"
[1] "prep_2009Q4.csv"
[1] "prep_2010Q1.csv"
[1] "prep_2010Q2.csv"
[1] "prep_2010Q3.csv"
[1] "prep_2010Q4.csv"
[1] "prep_2011Q1.csv"
[1] "prep_2011Q2.csv"
[1] "prep_2011Q3.csv"
[1] "prep_2011Q4.csv"
> #===============================================================
> 